{"C:\\Sena\\Backend\\src\\audit\\audit.controller.ts": {"path":"C:\\Sena\\Backend\\src\\audit\\audit.controller.ts","statementMap":{"0":{"start":{"line":1,"column":0},"end":{"line":1,"column":null}},"1":{"start":{"line":11,"column":0},"end":{"line":11,"column":45}},"2":{"start":{"line":12,"column":0},"end":{"line":12,"column":67}},"3":{"start":{"line":13,"column":0},"end":{"line":13,"column":35}},"4":{"start":{"line":14,"column":0},"end":{"line":14,"column":61}},"5":{"start":{"line":15,"column":0},"end":{"line":15,"column":91}},"6":{"start":{"line":16,"column":0},"end":{"line":16,"column":58}},"7":{"start":{"line":17,"column":0},"end":{"line":17,"column":47}},"8":{"start":{"line":18,"column":0},"end":{"line":18,"column":63}},"9":{"start":{"line":19,"column":0},"end":{"line":19,"column":65}},"10":{"start":{"line":25,"column":7},"end":{"line":71,"column":null}},"11":{"start":{"line":26,"column":31},"end":{"line":26,"column":45}},"12":{"start":{"line":30,"column":4},"end":{"line":30,"column":44}},"13":{"start":{"line":35,"column":17},"end":{"line":35,"column":53}},"14":{"start":{"line":36,"column":4},"end":{"line":38,"column":5}},"15":{"start":{"line":37,"column":6},"end":{"line":37,"column":73}},"16":{"start":{"line":39,"column":4},"end":{"line":39,"column":16}},"17":{"start":{"line":48,"column":25},"end":{"line":48,"column":66}},"18":{"start":{"line":50,"column":4},"end":{"line":62,"column":7}},"19":{"start":{"line":64,"column":4},"end":{"line":64,"column":60}},"20":{"start":{"line":65,"column":4},"end":{"line":68,"column":6}},"21":{"start":{"line":69,"column":4},"end":{"line":69,"column":39}},"22":{"start":{"line":25,"column":13},"end":{"line":25,"column":28}},"23":{"start":{"line":29,"column":8},"end":{"line":31,"column":null}},"24":{"start":{"line":34,"column":8},"end":{"line":40,"column":null}},"25":{"start":{"line":43,"column":8},"end":{"line":70,"column":null}},"26":{"start":{"line":25,"column":13},"end":{"line":71,"column":null}}},"fnMap":{"0":{"name":"(anonymous_4)","decl":{"start":{"line":26,"column":2},"end":{"line":26,"column":31}},"loc":{"start":{"line":26,"column":57},"end":{"line":26,"column":61}}},"1":{"name":"(anonymous_5)","decl":{"start":{"line":29,"column":8},"end":{"line":29,"column":16}},"loc":{"start":{"line":29,"column":50},"end":{"line":31,"column":3}}},"2":{"name":"(anonymous_6)","decl":{"start":{"line":34,"column":8},"end":{"line":34,"column":18}},"loc":{"start":{"line":34,"column":42},"end":{"line":40,"column":3}}},"3":{"name":"(anonymous_7)","decl":{"start":{"line":43,"column":8},"end":{"line":43,"column":18}},"loc":{"start":{"line":46,"column":24},"end":{"line":70,"column":3}}}},"branchMap":{"0":{"loc":{"start":{"line":36,"column":4},"end":{"line":38,"column":5}},"type":"if","locations":[{"start":{"line":36,"column":4},"end":{"line":38,"column":5}},{"start":{},"end":{}}]},"1":{"loc":{"start":{"line":55,"column":16},"end":{"line":55,"column":37}},"type":"binary-expr","locations":[{"start":{"line":55,"column":16},"end":{"line":55,"column":28}},{"start":{"line":55,"column":32},"end":{"line":55,"column":37}}]},"2":{"loc":{"start":{"line":56,"column":15},"end":{"line":56,"column":34}},"type":"binary-expr","locations":[{"start":{"line":56,"column":15},"end":{"line":56,"column":26}},{"start":{"line":56,"column":30},"end":{"line":56,"column":34}}]},"3":{"loc":{"start":{"line":29,"column":33},"end":{"line":29,"column":null}},"type":"cond-expr","locations":[{"start":{"line":29,"column":50},"end":{"line":29,"column":null}},{"start":{"line":29,"column":50},"end":{"line":29,"column":null}}]},"4":{"loc":{"start":{"line":29,"column":33},"end":{"line":29,"column":50}},"type":"binary-expr","locations":[{"start":{"line":29,"column":33},"end":{"line":29,"column":null}},{"start":{"line":29,"column":33},"end":{"line":29,"column":50}}]},"5":{"loc":{"start":{"line":44,"column":20},"end":{"line":44,"column":null}},"type":"cond-expr","locations":[{"start":{"line":44,"column":38},"end":{"line":44,"column":null}},{"start":{"line":44,"column":38},"end":{"line":44,"column":null}}]},"6":{"loc":{"start":{"line":44,"column":20},"end":{"line":44,"column":38}},"type":"binary-expr","locations":[{"start":{"line":44,"column":20},"end":{"line":44,"column":null}},{"start":{"line":44,"column":20},"end":{"line":44,"column":38}}]},"7":{"loc":{"start":{"line":44,"column":38},"end":{"line":46,"column":null}},"type":"cond-expr","locations":[{"start":{"line":46,"column":24},"end":{"line":46,"column":null}},{"start":{"line":46,"column":24},"end":{"line":46,"column":null}}]},"8":{"loc":{"start":{"line":44,"column":38},"end":{"line":46,"column":24}},"type":"binary-expr","locations":[{"start":{"line":44,"column":38},"end":{"line":46,"column":null}},{"start":{"line":46,"column":16},"end":{"line":46,"column":24}}]},"9":{"loc":{"start":{"line":26,"column":45},"end":{"line":26,"column":60}},"type":"cond-expr","locations":[{"start":{"line":26,"column":57},"end":{"line":26,"column":60}},{"start":{"line":26,"column":57},"end":{"line":26,"column":60}}]},"10":{"loc":{"start":{"line":26,"column":45},"end":{"line":26,"column":57}},"type":"binary-expr","locations":[{"start":{"line":26,"column":45},"end":{"line":26,"column":60}},{"start":{"line":26,"column":45},"end":{"line":26,"column":57}}]}},"s":{"0":2,"1":2,"2":2,"3":2,"4":2,"5":2,"6":2,"7":2,"8":2,"9":2,"10":2,"11":4,"12":1,"13":2,"14":2,"15":1,"16":1,"17":1,"18":1,"19":1,"20":1,"21":1,"22":2,"23":2,"24":2,"25":2,"26":2},"f":{"0":4,"1":1,"2":2,"3":1},"b":{"0":[1,1],"1":[1,0],"2":[1,0],"3":[2,0],"4":[2,2],"5":[2,0],"6":[2,2],"7":[0,2],"8":[2,0],"9":[2,0],"10":[2,2]}}
,"C:\\Sena\\Backend\\src\\audit\\audit.module.ts": {"path":"C:\\Sena\\Backend\\src\\audit\\audit.module.ts","statementMap":{"0":{"start":{"line":1,"column":0},"end":{"line":1,"column":48}},"1":{"start":{"line":2,"column":0},"end":{"line":2,"column":52}},"2":{"start":{"line":3,"column":0},"end":{"line":3,"column":58}},"3":{"start":{"line":4,"column":0},"end":{"line":4,"column":53}},"4":{"start":{"line":5,"column":0},"end":{"line":5,"column":47}},"5":{"start":{"line":14,"column":7},"end":{"line":14,"column":null}},"6":{"start":{"line":14,"column":13},"end":{"line":14,"column":24}},"7":{"start":{"line":14,"column":13},"end":{"line":14,"column":null}}},"fnMap":{},"branchMap":{},"s":{"0":1,"1":1,"2":1,"3":1,"4":1,"5":1,"6":1,"7":1},"f":{},"b":{}}
,"C:\\Sena\\Backend\\src\\audit\\audit.service.ts": {"path":"C:\\Sena\\Backend\\src\\audit\\audit.service.ts","statementMap":{"0":{"start":{"line":1,"column":0},"end":{"line":1,"column":null}},"1":{"start":{"line":7,"column":0},"end":{"line":7,"column":69}},"2":{"start":{"line":8,"column":0},"end":{"line":8,"column":50}},"3":{"start":{"line":14,"column":25},"end":{"line":294,"column":null}},"4":{"start":{"line":15,"column":28},"end":{"line":15,"column":57}},"5":{"start":{"line":18,"column":31},"end":{"line":18,"column":39}},"6":{"start":{"line":21,"column":4},"end":{"line":21,"column":36}},"7":{"start":{"line":25,"column":4},"end":{"line":27,"column":5}},"8":{"start":{"line":26,"column":6},"end":{"line":26,"column":41}},"9":{"start":{"line":31,"column":4},"end":{"line":57,"column":7}},"10":{"start":{"line":32,"column":6},"end":{"line":56,"column":7}},"11":{"start":{"line":33,"column":8},"end":{"line":53,"column":11}},"12":{"start":{"line":55,"column":8},"end":{"line":55,"column":76}},"13":{"start":{"line":61,"column":18},"end":{"line":61,"column":40}},"14":{"start":{"line":62,"column":17},"end":{"line":62,"column":32}},"15":{"start":{"line":63,"column":21},"end":{"line":63,"column":41}},"16":{"start":{"line":64,"column":17},"end":{"line":64,"column":38}},"17":{"start":{"line":66,"column":27},"end":{"line":74,"column":6}},"18":{"start":{"line":76,"column":4},"end":{"line":82,"column":6}},"19":{"start":{"line":86,"column":4},"end":{"line":86,"column":62}},"20":{"start":{"line":90,"column":18},"end":{"line":90,"column":40}},"21":{"start":{"line":91,"column":19},"end":{"line":91,"column":40}},"22":{"start":{"line":92,"column":18},"end":{"line":92,"column":37}},"23":{"start":{"line":94,"column":17},"end":{"line":98,"column":6}},"24":{"start":{"line":100,"column":4},"end":{"line":106,"column":5}},"25":{"start":{"line":101,"column":6},"end":{"line":105,"column":8}},"26":{"start":{"line":108,"column":19},"end":{"line":123,"column":6}},"27":{"start":{"line":125,"column":18},"end":{"line":143,"column":null}},"28":{"start":{"line":126,"column":6},"end":{"line":143,"column":18}},"29":{"start":{"line":142,"column":24},"end":{"line":142,"column":53}},"30":{"start":{"line":146,"column":4},"end":{"line":150,"column":6}},"31":{"start":{"line":166,"column":16},"end":{"line":166,"column":26}},"32":{"start":{"line":167,"column":25},"end":{"line":167,"column":52}},"33":{"start":{"line":169,"column":6},"end":{"line":169,"column":65}},"34":{"start":{"line":171,"column":4},"end":{"line":184,"column":6}},"35":{"start":{"line":188,"column":4},"end":{"line":190,"column":5}},"36":{"start":{"line":189,"column":6},"end":{"line":189,"column":23}},"37":{"start":{"line":192,"column":26},"end":{"line":205,"column":6}},"38":{"start":{"line":207,"column":18},"end":{"line":225,"column":5}},"39":{"start":{"line":208,"column":6},"end":{"line":210,"column":7}},"40":{"start":{"line":209,"column":8},"end":{"line":209,"column":48}},"41":{"start":{"line":209,"column":35},"end":{"line":209,"column":46}},"42":{"start":{"line":212,"column":6},"end":{"line":222,"column":7}},"43":{"start":{"line":213,"column":48},"end":{"line":213,"column":50}},"44":{"start":{"line":214,"column":8},"end":{"line":220,"column":9}},"45":{"start":{"line":217,"column":29},"end":{"line":217,"column":46}},"46":{"start":{"line":218,"column":30},"end":{"line":218,"column":79}},"47":{"start":{"line":218,"column":56},"end":{"line":218,"column":78}},"48":{"start":{"line":219,"column":10},"end":{"line":219,"column":64}},"49":{"start":{"line":221,"column":8},"end":{"line":221,"column":22}},"50":{"start":{"line":224,"column":6},"end":{"line":224,"column":19}},"51":{"start":{"line":227,"column":4},"end":{"line":227,"column":49}},"52":{"start":{"line":231,"column":45},"end":{"line":231,"column":47}},"53":{"start":{"line":233,"column":4},"end":{"line":233,"column":50}},"54":{"start":{"line":233,"column":22},"end":{"line":233,"column":50}},"55":{"start":{"line":234,"column":4},"end":{"line":235,"column":75}},"56":{"start":{"line":235,"column":6},"end":{"line":235,"column":75}},"57":{"start":{"line":236,"column":4},"end":{"line":236,"column":59}},"58":{"start":{"line":236,"column":25},"end":{"line":236,"column":59}},"59":{"start":{"line":237,"column":4},"end":{"line":238,"column":69}},"60":{"start":{"line":238,"column":6},"end":{"line":238,"column":69}},"61":{"start":{"line":239,"column":4},"end":{"line":239,"column":56}},"62":{"start":{"line":239,"column":24},"end":{"line":239,"column":56}},"63":{"start":{"line":240,"column":4},"end":{"line":240,"column":50}},"64":{"start":{"line":240,"column":22},"end":{"line":240,"column":50}},"65":{"start":{"line":242,"column":4},"end":{"line":247,"column":5}},"66":{"start":{"line":243,"column":6},"end":{"line":246,"column":8}},"67":{"start":{"line":249,"column":4},"end":{"line":249,"column":17}},"68":{"start":{"line":253,"column":20},"end":{"line":253,"column":45}},"69":{"start":{"line":254,"column":4},"end":{"line":254,"column":26}},"70":{"start":{"line":258,"column":26},"end":{"line":258,"column":75}},"71":{"start":{"line":259,"column":26},"end":{"line":259,"column":81}},"72":{"start":{"line":261,"column":4},"end":{"line":263,"column":5}},"73":{"start":{"line":262,"column":6},"end":{"line":262,"column":13}},"74":{"start":{"line":265,"column":4},"end":{"line":267,"column":52}},"75":{"start":{"line":266,"column":6},"end":{"line":266,"column":50}},"76":{"start":{"line":271,"column":19},"end":{"line":271,"column":68}},"77":{"start":{"line":272,"column":4},"end":{"line":292,"column":5}},"78":{"start":{"line":273,"column":21},"end":{"line":275,"column":8}},"79":{"start":{"line":277,"column":6},"end":{"line":289,"column":7}},"80":{"start":{"line":278,"column":8},"end":{"line":288,"column":11}},"81":{"start":{"line":291,"column":6},"end":{"line":291,"column":87}},"82":{"start":{"line":14,"column":13},"end":{"line":14,"column":25}},"83":{"start":{"line":14,"column":13},"end":{"line":294,"column":null}}},"fnMap":{"0":{"name":"(anonymous_2)","decl":{"start":{"line":18,"column":2},"end":{"line":18,"column":31}},"loc":{"start":{"line":18,"column":52},"end":{"line":18,"column":56}}},"1":{"name":"(anonymous_3)","decl":{"start":{"line":20,"column":2},"end":{"line":20,"column":14}},"loc":{"start":{"line":20,"column":14},"end":{"line":22,"column":3}}},"2":{"name":"(anonymous_4)","decl":{"start":{"line":24,"column":2},"end":{"line":24,"column":17}},"loc":{"start":{"line":24,"column":17},"end":{"line":28,"column":3}}},"3":{"name":"(anonymous_5)","decl":{"start":{"line":30,"column":2},"end":{"line":30,"column":5}},"loc":{"start":{"line":30,"column":26},"end":{"line":58,"column":3}}},"4":{"name":"(anonymous_6)","decl":{"start":{"line":31,"column":17},"end":{"line":31,"column":22}},"loc":{"start":{"line":31,"column":28},"end":{"line":57,"column":5}}},"5":{"name":"(anonymous_7)","decl":{"start":{"line":60,"column":2},"end":{"line":60,"column":7}},"loc":{"start":{"line":60,"column":40},"end":{"line":83,"column":3}}},"6":{"name":"(anonymous_8)","decl":{"start":{"line":85,"column":2},"end":{"line":85,"column":10}},"loc":{"start":{"line":85,"column":21},"end":{"line":87,"column":3}}},"7":{"name":"(anonymous_9)","decl":{"start":{"line":89,"column":2},"end":{"line":89,"column":7}},"loc":{"start":{"line":89,"column":44},"end":{"line":151,"column":3}}},"8":{"name":"(anonymous_10)","decl":{"start":{"line":125,"column":27},"end":{"line":125,"column":28}},"loc":{"start":{"line":126,"column":6},"end":{"line":143,"column":18}}},"9":{"name":"(anonymous_11)","decl":{"start":{"line":142,"column":13},"end":{"line":142,"column":14}},"loc":{"start":{"line":142,"column":24},"end":{"line":142,"column":53}}},"10":{"name":"(anonymous_12)","decl":{"start":{"line":153,"column":2},"end":{"line":153,"column":25}},"loc":{"start":{"line":164,"column":33},"end":{"line":185,"column":3}}},"11":{"name":"(anonymous_13)","decl":{"start":{"line":187,"column":2},"end":{"line":187,"column":17}},"loc":{"start":{"line":187,"column":32},"end":{"line":228,"column":3}}},"12":{"name":"(anonymous_14)","decl":{"start":{"line":207,"column":18},"end":{"line":207,"column":19}},"loc":{"start":{"line":207,"column":46},"end":{"line":225,"column":5}}},"13":{"name":"(anonymous_15)","decl":{"start":{"line":209,"column":25},"end":{"line":209,"column":26}},"loc":{"start":{"line":209,"column":35},"end":{"line":209,"column":46}}},"14":{"name":"(anonymous_16)","decl":{"start":{"line":218,"column":49},"end":{"line":218,"column":50}},"loc":{"start":{"line":218,"column":56},"end":{"line":218,"column":78}}},"15":{"name":"(anonymous_17)","decl":{"start":{"line":230,"column":10},"end":{"line":230,"column":20}},"loc":{"start":{"line":230,"column":45},"end":{"line":250,"column":3}}},"16":{"name":"(anonymous_18)","decl":{"start":{"line":252,"column":10},"end":{"line":252,"column":19}},"loc":{"start":{"line":252,"column":33},"end":{"line":255,"column":3}}},"17":{"name":"(anonymous_19)","decl":{"start":{"line":257,"column":10},"end":{"line":257,"column":34}},"loc":{"start":{"line":257,"column":34},"end":{"line":268,"column":3}}},"18":{"name":"(anonymous_20)","decl":{"start":{"line":265,"column":38},"end":{"line":265,"column":41}},"loc":{"start":{"line":265,"column":43},"end":{"line":267,"column":5}}},"19":{"name":"(anonymous_21)","decl":{"start":{"line":270,"column":10},"end":{"line":270,"column":15}},"loc":{"start":{"line":270,"column":47},"end":{"line":293,"column":3}}}},"branchMap":{"0":{"loc":{"start":{"line":25,"column":4},"end":{"line":27,"column":5}},"type":"if","locations":[{"start":{"line":25,"column":4},"end":{"line":27,"column":5}},{"start":{},"end":{}}]},"1":{"loc":{"start":{"line":51,"column":28},"end":{"line":51,"column":70}},"type":"binary-expr","locations":[{"start":{"line":51,"column":28},"end":{"line":51,"column":57}},{"start":{"line":51,"column":61},"end":{"line":51,"column":70}}]},"2":{"loc":{"start":{"line":62,"column":17},"end":{"line":62,"column":32}},"type":"binary-expr","locations":[{"start":{"line":62,"column":17},"end":{"line":62,"column":27}},{"start":{"line":62,"column":31},"end":{"line":62,"column":32}}]},"3":{"loc":{"start":{"line":63,"column":21},"end":{"line":63,"column":41}},"type":"binary-expr","locations":[{"start":{"line":63,"column":21},"end":{"line":63,"column":35}},{"start":{"line":63,"column":39},"end":{"line":63,"column":41}}]},"4":{"loc":{"start":{"line":91,"column":19},"end":{"line":91,"column":40}},"type":"binary-expr","locations":[{"start":{"line":91,"column":19},"end":{"line":91,"column":31}},{"start":{"line":91,"column":35},"end":{"line":91,"column":40}}]},"5":{"loc":{"start":{"line":92,"column":18},"end":{"line":92,"column":37}},"type":"binary-expr","locations":[{"start":{"line":92,"column":18},"end":{"line":92,"column":29}},{"start":{"line":92,"column":33},"end":{"line":92,"column":37}}]},"6":{"loc":{"start":{"line":100,"column":4},"end":{"line":106,"column":5}},"type":"if","locations":[{"start":{"line":100,"column":4},"end":{"line":106,"column":5}},{"start":{},"end":{}}]},"7":{"loc":{"start":{"line":129,"column":8},"end":{"line":129,"column":24}},"type":"binary-expr","locations":[{"start":{"line":129,"column":8},"end":{"line":129,"column":18}},{"start":{"line":129,"column":22},"end":{"line":129,"column":24}}]},"8":{"loc":{"start":{"line":130,"column":8},"end":{"line":130,"column":27}},"type":"binary-expr","locations":[{"start":{"line":130,"column":8},"end":{"line":130,"column":21}},{"start":{"line":130,"column":25},"end":{"line":130,"column":27}}]},"9":{"loc":{"start":{"line":131,"column":8},"end":{"line":131,"column":27}},"type":"binary-expr","locations":[{"start":{"line":131,"column":8},"end":{"line":131,"column":21}},{"start":{"line":131,"column":25},"end":{"line":131,"column":27}}]},"10":{"loc":{"start":{"line":134,"column":8},"end":{"line":134,"column":26}},"type":"binary-expr","locations":[{"start":{"line":134,"column":8},"end":{"line":134,"column":20}},{"start":{"line":134,"column":24},"end":{"line":134,"column":26}}]},"11":{"loc":{"start":{"line":136,"column":8},"end":{"line":136,"column":26}},"type":"binary-expr","locations":[{"start":{"line":136,"column":8},"end":{"line":136,"column":20}},{"start":{"line":136,"column":24},"end":{"line":136,"column":26}}]},"12":{"loc":{"start":{"line":137,"column":8},"end":{"line":137,"column":24}},"type":"binary-expr","locations":[{"start":{"line":137,"column":8},"end":{"line":137,"column":18}},{"start":{"line":137,"column":22},"end":{"line":137,"column":24}}]},"13":{"loc":{"start":{"line":138,"column":8},"end":{"line":138,"column":32}},"type":"binary-expr","locations":[{"start":{"line":138,"column":8},"end":{"line":138,"column":26}},{"start":{"line":138,"column":30},"end":{"line":138,"column":32}}]},"14":{"loc":{"start":{"line":139,"column":8},"end":{"line":139,"column":27}},"type":"binary-expr","locations":[{"start":{"line":139,"column":8},"end":{"line":139,"column":21}},{"start":{"line":139,"column":25},"end":{"line":139,"column":27}}]},"15":{"loc":{"start":{"line":140,"column":8},"end":{"line":140,"column":30}},"type":"binary-expr","locations":[{"start":{"line":140,"column":8},"end":{"line":140,"column":24}},{"start":{"line":140,"column":28},"end":{"line":140,"column":30}}]},"16":{"loc":{"start":{"line":169,"column":6},"end":{"line":169,"column":65}},"type":"cond-expr","locations":[{"start":{"line":169,"column":41},"end":{"line":169,"column":53}},{"start":{"line":169,"column":56},"end":{"line":169,"column":65}}]},"17":{"loc":{"start":{"line":179,"column":37},"end":{"line":179,"column":53}},"type":"binary-expr","locations":[{"start":{"line":179,"column":37},"end":{"line":179,"column":47}},{"start":{"line":179,"column":51},"end":{"line":179,"column":53}}]},"18":{"loc":{"start":{"line":180,"column":36},"end":{"line":180,"column":51}},"type":"binary-expr","locations":[{"start":{"line":180,"column":36},"end":{"line":180,"column":45}},{"start":{"line":180,"column":49},"end":{"line":180,"column":51}}]},"19":{"loc":{"start":{"line":182,"column":22},"end":{"line":182,"column":77}},"type":"cond-expr","locations":[{"start":{"line":182,"column":42},"end":{"line":182,"column":65}},{"start":{"line":182,"column":68},"end":{"line":182,"column":77}}]},"20":{"loc":{"start":{"line":188,"column":4},"end":{"line":190,"column":5}},"type":"if","locations":[{"start":{"line":188,"column":4},"end":{"line":190,"column":5}},{"start":{},"end":{}}]},"21":{"loc":{"start":{"line":208,"column":6},"end":{"line":210,"column":7}},"type":"if","locations":[{"start":{"line":208,"column":6},"end":{"line":210,"column":7}},{"start":{},"end":{}}]},"22":{"loc":{"start":{"line":212,"column":6},"end":{"line":222,"column":7}},"type":"if","locations":[{"start":{"line":212,"column":6},"end":{"line":222,"column":7}},{"start":{},"end":{}}]},"23":{"loc":{"start":{"line":212,"column":10},"end":{"line":212,"column":44}},"type":"binary-expr","locations":[{"start":{"line":212,"column":10},"end":{"line":212,"column":15}},{"start":{"line":212,"column":19},"end":{"line":212,"column":44}}]},"24":{"loc":{"start":{"line":219,"column":24},"end":{"line":219,"column":63}},"type":"cond-expr","locations":[{"start":{"line":219,"column":38},"end":{"line":219,"column":50}},{"start":{"line":219,"column":53},"end":{"line":219,"column":63}}]},"25":{"loc":{"start":{"line":233,"column":4},"end":{"line":233,"column":50}},"type":"if","locations":[{"start":{"line":233,"column":4},"end":{"line":233,"column":50}},{"start":{},"end":{}}]},"26":{"loc":{"start":{"line":234,"column":4},"end":{"line":235,"column":75}},"type":"if","locations":[{"start":{"line":234,"column":4},"end":{"line":235,"column":75}},{"start":{},"end":{}}]},"27":{"loc":{"start":{"line":236,"column":4},"end":{"line":236,"column":59}},"type":"if","locations":[{"start":{"line":236,"column":4},"end":{"line":236,"column":59}},{"start":{},"end":{}}]},"28":{"loc":{"start":{"line":237,"column":4},"end":{"line":238,"column":69}},"type":"if","locations":[{"start":{"line":237,"column":4},"end":{"line":238,"column":69}},{"start":{},"end":{}}]},"29":{"loc":{"start":{"line":239,"column":4},"end":{"line":239,"column":56}},"type":"if","locations":[{"start":{"line":239,"column":4},"end":{"line":239,"column":56}},{"start":{},"end":{}}]},"30":{"loc":{"start":{"line":240,"column":4},"end":{"line":240,"column":50}},"type":"if","locations":[{"start":{"line":240,"column":4},"end":{"line":240,"column":50}},{"start":{},"end":{}}]},"31":{"loc":{"start":{"line":242,"column":4},"end":{"line":247,"column":5}},"type":"if","locations":[{"start":{"line":242,"column":4},"end":{"line":247,"column":5}},{"start":{},"end":{}}]},"32":{"loc":{"start":{"line":242,"column":8},"end":{"line":242,"column":30}},"type":"binary-expr","locations":[{"start":{"line":242,"column":8},"end":{"line":242,"column":18}},{"start":{"line":242,"column":22},"end":{"line":242,"column":30}}]},"33":{"loc":{"start":{"line":244,"column":13},"end":{"line":244,"column":58}},"type":"cond-expr","locations":[{"start":{"line":244,"column":26},"end":{"line":244,"column":46}},{"start":{"line":244,"column":49},"end":{"line":244,"column":58}}]},"34":{"loc":{"start":{"line":245,"column":13},"end":{"line":245,"column":54}},"type":"cond-expr","locations":[{"start":{"line":245,"column":24},"end":{"line":245,"column":42}},{"start":{"line":245,"column":45},"end":{"line":245,"column":54}}]},"35":{"loc":{"start":{"line":258,"column":33},"end":{"line":258,"column":74}},"type":"binary-expr","locations":[{"start":{"line":258,"column":33},"end":{"line":258,"column":65}},{"start":{"line":258,"column":69},"end":{"line":258,"column":74}}]},"36":{"loc":{"start":{"line":259,"column":33},"end":{"line":259,"column":80}},"type":"binary-expr","locations":[{"start":{"line":259,"column":33},"end":{"line":259,"column":72}},{"start":{"line":259,"column":76},"end":{"line":259,"column":80}}]},"37":{"loc":{"start":{"line":261,"column":4},"end":{"line":263,"column":5}},"type":"if","locations":[{"start":{"line":261,"column":4},"end":{"line":263,"column":5}},{"start":{},"end":{}}]},"38":{"loc":{"start":{"line":277,"column":6},"end":{"line":289,"column":7}},"type":"if","locations":[{"start":{"line":277,"column":6},"end":{"line":289,"column":7}},{"start":{},"end":{}}]},"39":{"loc":{"start":{"line":18,"column":39},"end":{"line":18,"column":55}},"type":"cond-expr","locations":[{"start":{"line":18,"column":52},"end":{"line":18,"column":55}},{"start":{"line":18,"column":52},"end":{"line":18,"column":55}}]},"40":{"loc":{"start":{"line":18,"column":39},"end":{"line":18,"column":52}},"type":"binary-expr","locations":[{"start":{"line":18,"column":39},"end":{"line":18,"column":55}},{"start":{"line":18,"column":39},"end":{"line":18,"column":52}}]}},"s":{"0":3,"1":3,"2":3,"3":3,"4":17,"5":17,"6":2,"7":2,"8":1,"9":3,"10":3,"11":3,"12":1,"13":2,"14":2,"15":2,"16":2,"17":2,"18":2,"19":1,"20":2,"21":2,"22":2,"23":2,"24":2,"25":1,"26":1,"27":1,"28":1,"29":14,"30":1,"31":2,"32":2,"33":2,"34":2,"35":19,"36":10,"37":9,"38":9,"39":20,"40":1,"41":2,"42":19,"43":11,"44":11,"45":14,"46":14,"47":123,"48":14,"49":11,"50":8,"51":9,"52":4,"53":4,"54":1,"55":4,"56":1,"57":4,"58":1,"59":4,"60":1,"61":4,"62":1,"63":4,"64":1,"65":4,"66":1,"67":4,"68":14,"69":14,"70":2,"71":2,"72":2,"73":1,"74":1,"75":1,"76":4,"77":4,"78":4,"79":3,"80":1,"81":2,"82":3,"83":3},"f":{"0":17,"1":2,"2":2,"3":3,"4":3,"5":2,"6":1,"7":2,"8":1,"9":14,"10":2,"11":19,"12":20,"13":2,"14":123,"15":4,"16":14,"17":2,"18":1,"19":4},"b":{"0":[1,1],"1":[3,2],"2":[2,1],"3":[2,1],"4":[2,0],"5":[2,0],"6":[1,1],"7":[1,0],"8":[1,0],"9":[1,0],"10":[1,0],"11":[1,0],"12":[1,0],"13":[1,0],"14":[1,1],"15":[1,1],"16":[1,1],"17":[2,1],"18":[2,1],"19":[1,1],"20":[10,9],"21":[1,19],"22":[11,8],"23":[19,19],"24":[5,9],"25":[1,3],"26":[1,3],"27":[1,3],"28":[1,3],"29":[1,3],"30":[1,3],"31":[1,3],"32":[4,3],"33":[1,0],"34":[1,0],"35":[2,0],"36":[2,0],"37":[1,1],"38":[1,1],"39":[3,0],"40":[3,3]}}
,"C:\\Sena\\Backend\\src\\audit\\dto\\export-audit-logs.dto.ts": {"path":"C:\\Sena\\Backend\\src\\audit\\dto\\export-audit-logs.dto.ts","statementMap":{"0":{"start":{"line":1,"column":0},"end":{"line":1,"column":51}},"1":{"start":{"line":2,"column":0},"end":{"line":2,"column":59}},"2":{"start":{"line":3,"column":0},"end":{"line":3,"column":41}},"3":{"start":{"line":4,"column":0},"end":{"line":4,"column":50}},"4":{"start":{"line":9,"column":28},"end":{"line":9,"column":33}},"5":{"start":{"line":16,"column":19},"end":{"line":16,"column":23}},"6":{"start":{"line":6,"column":0},"end":{"line":6,"column":13}},"7":{"start":{"line":9,"column":2},"end":{"line":9,"column":null}},"8":{"start":{"line":16,"column":2},"end":{"line":16,"column":null}},"9":{"start":{"line":12,"column":14},"end":{"line":12,"column":20}}},"fnMap":{"0":{"name":"(anonymous_2)","decl":{"start":{"line":12,"column":8},"end":{"line":12,"column":11}},"loc":{"start":{"line":12,"column":14},"end":{"line":12,"column":20}}}},"branchMap":{},"s":{"0":3,"1":3,"2":3,"3":3,"4":2,"5":2,"6":3,"7":3,"8":3,"9":1},"f":{"0":1},"b":{}}
,"C:\\Sena\\Backend\\src\\audit\\dto\\query-audit-logs.dto.ts": {"path":"C:\\Sena\\Backend\\src\\audit\\dto\\query-audit-logs.dto.ts","statementMap":{"0":{"start":{"line":1,"column":0},"end":{"line":1,"column":null}},"1":{"start":{"line":10,"column":0},"end":{"line":10,"column":41}},"2":{"start":{"line":11,"column":0},"end":{"line":11,"column":61}},"3":{"start":{"line":50,"column":18},"end":{"line":50,"column":19}},"4":{"start":{"line":57,"column":22},"end":{"line":57,"column":24}},"5":{"start":{"line":13,"column":0},"end":{"line":13,"column":13}},"6":{"start":{"line":16,"column":2},"end":{"line":16,"column":null}},"7":{"start":{"line":20,"column":2},"end":{"line":20,"column":null}},"8":{"start":{"line":24,"column":2},"end":{"line":24,"column":null}},"9":{"start":{"line":28,"column":2},"end":{"line":28,"column":null}},"10":{"start":{"line":32,"column":2},"end":{"line":32,"column":null}},"11":{"start":{"line":36,"column":2},"end":{"line":36,"column":null}},"12":{"start":{"line":40,"column":2},"end":{"line":40,"column":null}},"13":{"start":{"line":44,"column":2},"end":{"line":44,"column":null}},"14":{"start":{"line":50,"column":2},"end":{"line":50,"column":null}},"15":{"start":{"line":47,"column":14},"end":{"line":47,"column":20}},"16":{"start":{"line":57,"column":2},"end":{"line":57,"column":null}},"17":{"start":{"line":53,"column":14},"end":{"line":53,"column":20}}},"fnMap":{"0":{"name":"(anonymous_2)","decl":{"start":{"line":47,"column":8},"end":{"line":47,"column":11}},"loc":{"start":{"line":47,"column":14},"end":{"line":47,"column":20}}},"1":{"name":"(anonymous_3)","decl":{"start":{"line":53,"column":8},"end":{"line":53,"column":11}},"loc":{"start":{"line":53,"column":14},"end":{"line":53,"column":20}}}},"branchMap":{"0":{"loc":{"start":{"line":32,"column":14},"end":{"line":32,"column":29}},"type":"cond-expr","locations":[{"start":{"line":32,"column":28},"end":{"line":32,"column":29}},{"start":{"line":32,"column":28},"end":{"line":32,"column":29}}]},"1":{"loc":{"start":{"line":32,"column":14},"end":{"line":32,"column":28}},"type":"binary-expr","locations":[{"start":{"line":32,"column":14},"end":{"line":32,"column":29}},{"start":{"line":32,"column":14},"end":{"line":32,"column":28}}]},"2":{"loc":{"start":{"line":44,"column":11},"end":{"line":44,"column":23}},"type":"cond-expr","locations":[{"start":{"line":44,"column":22},"end":{"line":44,"column":23}},{"start":{"line":44,"column":22},"end":{"line":44,"column":23}}]},"3":{"loc":{"start":{"line":44,"column":11},"end":{"line":44,"column":22}},"type":"binary-expr","locations":[{"start":{"line":44,"column":11},"end":{"line":44,"column":23}},{"start":{"line":44,"column":11},"end":{"line":44,"column":22}}]}},"s":{"0":3,"1":3,"2":3,"3":4,"4":4,"5":3,"6":3,"7":3,"8":3,"9":3,"10":3,"11":3,"12":3,"13":3,"14":3,"15":2,"16":3,"17":2},"f":{"0":2,"1":2},"b":{"0":[0,3],"1":[3,3],"2":[0,3],"3":[3,3]}}
}
