TN:
SF:src\audit\audit.controller.ts
FN:26,(anonymous_4)
FN:29,(anonymous_5)
FN:34,(anonymous_6)
FN:43,(anonymous_7)
FNF:4
FNH:4
FNDA:4,(anonymous_4)
FNDA:1,(anonymous_5)
FNDA:2,(anonymous_6)
FNDA:1,(anonymous_7)
DA:1,2
DA:11,2
DA:12,2
DA:13,2
DA:14,2
DA:15,2
DA:16,2
DA:17,2
DA:18,2
DA:19,2
DA:25,2
DA:26,4
DA:29,2
DA:30,1
DA:34,2
DA:35,2
DA:36,2
DA:37,1
DA:39,1
DA:43,2
DA:48,1
DA:50,1
DA:64,1
DA:65,1
DA:69,1
LF:25
LH:25
BRDA:36,0,0,1
BRDA:36,0,1,1
BRDA:55,1,0,1
BRDA:55,1,1,0
BRDA:56,2,0,1
BRDA:56,2,1,0
BRDA:29,3,0,2
BRDA:29,3,1,0
BRDA:29,4,0,2
BRDA:29,4,1,2
BRDA:44,5,0,2
BRDA:44,5,1,0
BRDA:44,6,0,2
BRDA:44,6,1,2
BRDA:44,7,0,0
BRDA:44,7,1,2
BRDA:44,8,0,2
BRDA:44,8,1,0
BRDA:26,9,0,2
BRDA:26,9,1,0
BRDA:26,10,0,2
BRDA:26,10,1,2
BRF:22
BRH:15
end_of_record
TN:
SF:src\audit\audit.module.ts
FNF:0
FNH:0
DA:1,1
DA:2,1
DA:3,1
DA:4,1
DA:5,1
DA:14,1
LF:6
LH:6
BRF:0
BRH:0
end_of_record
TN:
SF:src\audit\audit.service.ts
FN:18,(anonymous_2)
FN:20,(anonymous_3)
FN:24,(anonymous_4)
FN:30,(anonymous_5)
FN:31,(anonymous_6)
FN:60,(anonymous_7)
FN:85,(anonymous_8)
FN:89,(anonymous_9)
FN:125,(anonymous_10)
FN:142,(anonymous_11)
FN:153,(anonymous_12)
FN:187,(anonymous_13)
FN:207,(anonymous_14)
FN:209,(anonymous_15)
FN:218,(anonymous_16)
FN:230,(anonymous_17)
FN:252,(anonymous_18)
FN:257,(anonymous_19)
FN:265,(anonymous_20)
FN:270,(anonymous_21)
FNF:20
FNH:20
FNDA:17,(anonymous_2)
FNDA:2,(anonymous_3)
FNDA:2,(anonymous_4)
FNDA:3,(anonymous_5)
FNDA:3,(anonymous_6)
FNDA:2,(anonymous_7)
FNDA:1,(anonymous_8)
FNDA:2,(anonymous_9)
FNDA:1,(anonymous_10)
FNDA:14,(anonymous_11)
FNDA:2,(anonymous_12)
FNDA:19,(anonymous_13)
FNDA:20,(anonymous_14)
FNDA:2,(anonymous_15)
FNDA:123,(anonymous_16)
FNDA:4,(anonymous_17)
FNDA:14,(anonymous_18)
FNDA:2,(anonymous_19)
FNDA:1,(anonymous_20)
FNDA:4,(anonymous_21)
DA:1,3
DA:7,3
DA:8,3
DA:14,3
DA:15,17
DA:18,17
DA:21,2
DA:25,2
DA:26,1
DA:31,3
DA:32,3
DA:33,3
DA:55,1
DA:61,2
DA:62,2
DA:63,2
DA:64,2
DA:66,2
DA:76,2
DA:86,1
DA:90,2
DA:91,2
DA:92,2
DA:94,2
DA:100,2
DA:101,1
DA:108,1
DA:125,1
DA:126,1
DA:142,14
DA:146,1
DA:166,2
DA:167,2
DA:169,2
DA:171,2
DA:188,19
DA:189,10
DA:192,9
DA:207,9
DA:208,20
DA:209,2
DA:212,19
DA:213,11
DA:214,11
DA:217,14
DA:218,123
DA:219,14
DA:221,11
DA:224,8
DA:227,9
DA:231,4
DA:233,4
DA:234,4
DA:235,1
DA:236,4
DA:237,4
DA:238,1
DA:239,4
DA:240,4
DA:242,4
DA:243,1
DA:249,4
DA:253,14
DA:254,14
DA:258,2
DA:259,2
DA:261,2
DA:262,1
DA:265,1
DA:266,1
DA:271,4
DA:272,4
DA:273,4
DA:277,3
DA:278,1
DA:291,2
LF:76
LH:76
BRDA:25,0,0,1
BRDA:25,0,1,1
BRDA:51,1,0,3
BRDA:51,1,1,2
BRDA:62,2,0,2
BRDA:62,2,1,1
BRDA:63,3,0,2
BRDA:63,3,1,1
BRDA:91,4,0,2
BRDA:91,4,1,0
BRDA:92,5,0,2
BRDA:92,5,1,0
BRDA:100,6,0,1
BRDA:100,6,1,1
BRDA:129,7,0,1
BRDA:129,7,1,0
BRDA:130,8,0,1
BRDA:130,8,1,0
BRDA:131,9,0,1
BRDA:131,9,1,0
BRDA:134,10,0,1
BRDA:134,10,1,0
BRDA:136,11,0,1
BRDA:136,11,1,0
BRDA:137,12,0,1
BRDA:137,12,1,0
BRDA:138,13,0,1
BRDA:138,13,1,0
BRDA:139,14,0,1
BRDA:139,14,1,1
BRDA:140,15,0,1
BRDA:140,15,1,1
BRDA:169,16,0,1
BRDA:169,16,1,1
BRDA:179,17,0,2
BRDA:179,17,1,1
BRDA:180,18,0,2
BRDA:180,18,1,1
BRDA:182,19,0,1
BRDA:182,19,1,1
BRDA:188,20,0,10
BRDA:188,20,1,9
BRDA:208,21,0,1
BRDA:208,21,1,19
BRDA:212,22,0,11
BRDA:212,22,1,8
BRDA:212,23,0,19
BRDA:212,23,1,19
BRDA:219,24,0,5
BRDA:219,24,1,9
BRDA:233,25,0,1
BRDA:233,25,1,3
BRDA:234,26,0,1
BRDA:234,26,1,3
BRDA:236,27,0,1
BRDA:236,27,1,3
BRDA:237,28,0,1
BRDA:237,28,1,3
BRDA:239,29,0,1
BRDA:239,29,1,3
BRDA:240,30,0,1
BRDA:240,30,1,3
BRDA:242,31,0,1
BRDA:242,31,1,3
BRDA:242,32,0,4
BRDA:242,32,1,3
BRDA:244,33,0,1
BRDA:244,33,1,0
BRDA:245,34,0,1
BRDA:245,34,1,0
BRDA:258,35,0,2
BRDA:258,35,1,0
BRDA:259,36,0,2
BRDA:259,36,1,0
BRDA:261,37,0,1
BRDA:261,37,1,1
BRDA:277,38,0,1
BRDA:277,38,1,1
BRDA:18,39,0,3
BRDA:18,39,1,0
BRDA:18,40,0,3
BRDA:18,40,1,3
BRF:82
BRH:68
end_of_record
TN:
SF:src\audit\dto\export-audit-logs.dto.ts
FN:12,(anonymous_2)
FNF:1
FNH:1
FNDA:1,(anonymous_2)
DA:1,3
DA:2,3
DA:3,3
DA:4,3
DA:6,3
DA:9,3
DA:12,1
DA:16,3
LF:8
LH:8
BRF:0
BRH:0
end_of_record
TN:
SF:src\audit\dto\query-audit-logs.dto.ts
FN:47,(anonymous_2)
FN:53,(anonymous_3)
FNF:2
FNH:2
FNDA:2,(anonymous_2)
FNDA:2,(anonymous_3)
DA:1,3
DA:10,3
DA:11,3
DA:13,3
DA:16,3
DA:20,3
DA:24,3
DA:28,3
DA:32,3
DA:36,3
DA:40,3
DA:44,3
DA:47,2
DA:50,4
DA:53,2
DA:57,4
LF:16
LH:16
BRDA:32,0,0,0
BRDA:32,0,1,3
BRDA:32,1,0,3
BRDA:32,1,1,3
BRDA:44,2,0,0
BRDA:44,2,1,3
BRDA:44,3,0,3
BRDA:44,3,1,3
BRF:8
BRH:6
end_of_record
